<?xml version="1.0" encoding="UTF-8"?>
<testng-results ignored="0" total="1" passed="1" failed="0" skipped="0">
  <reporter-output>
  </reporter-output>
  <suite started-at="2020-12-15T23:48:26 GMT" name="Default suite" finished-at="2020-12-15T23:48:28 GMT" duration-ms="2374">
    <groups>
      <group name="cucumber">
        <method signature="RunnerTest.feature(cucumber.api.testng.CucumberFeatureWrapper)[pri:0, instance:qumu.RunnerTest@4bff7da0]" name="feature" class="qumu.RunnerTest"/>
      </group> <!-- cucumber -->
    </groups>
    <test started-at="2020-12-15T23:48:26 GMT" name="Default test" finished-at="2020-12-15T23:48:28 GMT" duration-ms="2374">
      <class name="qumu.RunnerTest">
        <test-method is-config="true" signature="setUpClass()[pri:0, instance:qumu.RunnerTest@4bff7da0]" started-at="2020-12-15T23:48:26 GMT" name="setUpClass" finished-at="2020-12-15T23:48:26 GMT" duration-ms="140" status="PASS">
          <reporter-output>
          </reporter-output>
        </test-method> <!-- setUpClass -->
        <test-method signature="feature(cucumber.api.testng.CucumberFeatureWrapper)[pri:0, instance:qumu.RunnerTest@4bff7da0]" started-at="2020-12-15T23:48:26 GMT" name="feature" description="Runs Cucumber Feature" data-provider="features" finished-at="2020-12-15T23:48:28 GMT" duration-ms="2113" status="PASS">
          <params>
            <param index="0">
              <value>
                <![CDATA[API test]]>
              </value>
            </param>
          </params>
          <reporter-output>
          </reporter-output>
        </test-method> <!-- feature -->
        <test-method is-config="true" signature="tearDownClass()[pri:0, instance:qumu.RunnerTest@4bff7da0]" started-at="2020-12-15T23:48:28 GMT" name="tearDownClass" finished-at="2020-12-15T23:48:28 GMT" duration-ms="41" status="PASS">
          <reporter-output>
          </reporter-output>
        </test-method> <!-- tearDownClass -->
      </class> <!-- qumu.RunnerTest -->
    </test> <!-- Default test -->
  </suite> <!-- Default suite -->
</testng-results>
